<?xml version="1.0" encoding="UTF-8"?>
<!-- Generated by org.testng.reporters.JUnitXMLReporter -->
<testsuite ignored="0" hostname="DESKTOP-VPDSCVD" failures="0" tests="7" name="FunctionalTest" time="6.263" errors="0" timestamp="2022-09-01T11:55:19 IST">
  <testcase classname="Ui.Groupdemotest" name="btest3" time="0.009"/>
  <testcase classname="Ui.Groupdemotest" name="btest4" time="0.001"/>
  <testcase classname="Ui.Groupdemotest" name="atest1" time="0.002"/>
  <testcase classname="Ui.Groupdemotest" name="btest2" time="0.004"/>
  <testcase classname="Ui.logintest" name="loginTest" time="0.006"/>
  <testcase classname="Ui.logintest" name="loginlogout" time="0.001"/>
  <testcase classname="Ui.VerifyORM" name="Titleorm" time="6.17"/>
</testsuite> <!-- FunctionalTest -->
