<?xml version="1.0" encoding="UTF-8"?>
<!-- Generated by org.testng.reporters.JUnitXMLReporter -->
<testsuite ignored="2" hostname="DESKTOP-VPDSCVD" failures="0" tests="2" name="GRP-bvt" time="0.06" errors="0" timestamp="2022-08-10T15:01:12 IST">
  <testcase classname="Ui.Groupdemotest" name="btest3" time="0.008"/>
  <testcase classname="Ui.Groupdemotest" name="btest4" time="0.003"/>
  <testcase classname="Ui.Groupdemotest" name="atest1" time="0.0">
    <ignored/>
  </testcase> <!-- atest1 -->
  <testcase classname="Ui.Groupdemotest" name="btest2" time="0.0">
    <ignored/>
  </testcase> <!-- btest2 -->
</testsuite> <!-- GRP-bvt -->
