<?xml version="1.0" encoding="UTF-8"?>
<!-- Generated by org.testng.reporters.JUnitXMLReporter -->
<testsuite ignored="0" hostname="DESKTOP-VPDSCVD" failures="0" tests="4" name="GRP-user-registration" time="0.064" errors="0" timestamp="2022-08-10T15:04:49 IST">
  <testcase classname="Ui.Groupdemotest" name="btest3" time="0.009"/>
  <testcase classname="Ui.Groupdemotest" name="btest4" time="0.001"/>
  <testcase classname="Ui.Groupdemotest" name="atest1" time="0.001"/>
  <testcase classname="Ui.Groupdemotest" name="btest2" time="0.001"/>
</testsuite> <!-- GRP-user-registration -->
