<?xml version="1.0" encoding="UTF-8"?>
<!-- Generated by org.testng.reporters.JUnitXMLReporter -->
<testsuite ignored="0" hostname="DESKTOP-VPDSCVD" failures="0" tests="8" name="GRP-bvt,user-registration,regression" time="0.081" errors="0" timestamp="2022-09-01T12:00:24 IST">
  <testcase classname="Ui.Groupdemotest" name="btest3" time="0.005"/>
  <testcase classname="Ui.Groupdemotest" name="btest4" time="0.002"/>
  <testcase classname="Ui.Groupdemotest" name="atest1" time="0.001"/>
  <testcase classname="Ui.Groupdemotest" name="btest2" time="0.001"/>
  <testcase classname="Ui.Groupdemotest2" name="btest3" time="0.001"/>
  <testcase classname="Ui.Groupdemotest2" name="btest4" time="0.002"/>
  <testcase classname="Ui.Groupdemotest2" name="atest1" time="0.002"/>
  <testcase classname="Ui.Groupdemotest2" name="btest2" time="0.001"/>
</testsuite> <!-- GRP-bvt,user-registration,regression -->
