<?xml version="1.0" encoding="UTF-8"?>
<!-- Generated by org.testng.reporters.JUnitXMLReporter -->
<testsuite ignored="1" hostname="DESKTOP-VPDSCVD" failures="0" tests="3" name="GRP-regression" time="0.057" errors="0" timestamp="2022-08-16T12:13:38 IST">
  <testcase classname="Ui.Groupdemotest" name="btest3" time="0.006"/>
  <testcase classname="Ui.Groupdemotest" name="atest1" time="0.001"/>
  <testcase classname="Ui.Groupdemotest" name="btest2" time="0.001"/>
  <testcase classname="Ui.Groupdemotest" name="btest4" time="0.0">
    <ignored/>
  </testcase> <!-- btest4 -->
</testsuite> <!-- GRP-regression -->
