<?xml version="1.0" encoding="UTF-8"?>
<!-- Generated by org.testng.reporters.JUnitXMLReporter -->
<testsuite ignored="0" hostname="DESKTOP-VPDSCVD" failures="0" tests="4" name="Default test" time="18.004" errors="0" timestamp="2022-08-31T17:37:18 IST">
  <testcase classname="Ui.dataproviderdemotest3" name="test" time="4.889"/>
  <testcase classname="Ui.dataproviderdemotest3" name="test" time="1.844"/>
  <testcase classname="Ui.dataproviderdemotest3" name="test" time="2.062"/>
  <testcase classname="Ui.dataproviderdemotest3" name="test" time="9.144"/>
</testsuite> <!-- Default test -->
