<?xml version="1.0" encoding="UTF-8"?>
<!-- Generated by org.testng.reporters.JUnitXMLReporter -->
<testsuite ignored="0" hostname="DESKTOP-VPDSCVD" failures="0" tests="4" name="Test Before Suite After Suite" time="0.051" errors="0" timestamp="2022-09-01T11:59:52 IST">
  <testcase classname="Ui.Groupdemotest2" name="btest3" time="0.005"/>
  <testcase classname="Ui.Groupdemotest2" name="btest4" time="0.001"/>
  <testcase classname="Ui.Groupdemotest2" name="atest1" time="0.002"/>
  <testcase classname="Ui.Groupdemotest2" name="btest2" time="0.007"/>
</testsuite> <!-- Test Before Suite After Suite -->
